<?xml version="1.0" encoding="UTF-8"?>
<coverage generated="1691708056583" clover="3.2.0">
  <project timestamp="1691708056584" name="All files">
    <metrics statements="55" coveredstatements="40" conditionals="6" coveredconditionals="4" methods="34" coveredmethods="16" elements="95" coveredelements="60" complexity="0" loc="55" ncloc="55" packages="5" files="5" classes="5"/>
    <package name="server">
      <metrics statements="11" coveredstatements="11" conditionals="4" coveredconditionals="3" methods="7" coveredmethods="4"/>
      <file name="index.js" path="/home/lino/Base-FullStackApp/server/index.js">
        <metrics statements="11" coveredstatements="11" conditionals="4" coveredconditionals="3" methods="7" coveredmethods="4"/>
        <line num="7" count="1" type="stmt"/>
        <line num="9" count="1" type="cond" truecount="1" falsecount="1"/>
        <line num="11" count="1" type="stmt"/>
        <line num="13" count="1" type="stmt"/>
        <line num="14" count="1" type="stmt"/>
        <line num="15" count="1" type="stmt"/>
        <line num="18" count="1" type="stmt"/>
        <line num="19" count="1" type="stmt"/>
        <line num="22" count="1" type="stmt"/>
        <line num="24" count="1" type="stmt"/>
        <line num="34" count="1" type="cond" truecount="2" falsecount="0"/>
      </file>
    </package>
    <package name="server.controllers">
      <metrics statements="25" coveredstatements="13" conditionals="0" coveredconditionals="0" methods="15" coveredmethods="6"/>
      <file name="userController.js" path="/home/lino/Base-FullStackApp/server/controllers/userController.js">
        <metrics statements="25" coveredstatements="13" conditionals="0" coveredconditionals="0" methods="15" coveredmethods="6"/>
        <line num="3" count="1" type="stmt"/>
        <line num="4" count="1" type="stmt"/>
        <line num="5" count="1" type="stmt"/>
        <line num="7" count="0" type="stmt"/>
        <line num="8" count="1" type="stmt"/>
        <line num="12" count="1" type="stmt"/>
        <line num="13" count="1" type="stmt"/>
        <line num="15" count="1" type="stmt"/>
        <line num="16" count="0" type="stmt"/>
        <line num="20" count="1" type="stmt"/>
        <line num="21" count="1" type="stmt"/>
        <line num="22" count="1" type="stmt"/>
        <line num="24" count="1" type="stmt"/>
        <line num="25" count="0" type="stmt"/>
        <line num="29" count="1" type="stmt"/>
        <line num="30" count="0" type="stmt"/>
        <line num="31" count="0" type="stmt"/>
        <line num="32" count="0" type="stmt"/>
        <line num="34" count="0" type="stmt"/>
        <line num="35" count="0" type="stmt"/>
        <line num="39" count="1" type="stmt"/>
        <line num="40" count="0" type="stmt"/>
        <line num="41" count="0" type="stmt"/>
        <line num="43" count="0" type="stmt"/>
        <line num="44" count="0" type="stmt"/>
      </file>
    </package>
    <package name="server.db">
      <metrics statements="6" coveredstatements="5" conditionals="2" coveredconditionals="1" methods="7" coveredmethods="3"/>
      <file name="dbConfig.js" path="/home/lino/Base-FullStackApp/server/db/dbConfig.js">
        <metrics statements="6" coveredstatements="5" conditionals="2" coveredconditionals="1" methods="7" coveredmethods="3"/>
        <line num="4" count="1" type="stmt"/>
        <line num="7" count="1" type="stmt"/>
        <line num="9" count="1" type="stmt"/>
        <line num="13" count="1" type="stmt"/>
        <line num="15" count="0" type="stmt"/>
        <line num="25" count="1" type="cond" truecount="1" falsecount="1"/>
      </file>
    </package>
    <package name="server.models">
      <metrics statements="2" coveredstatements="2" conditionals="0" coveredconditionals="0" methods="0" coveredmethods="0"/>
      <file name="user.js" path="/home/lino/Base-FullStackApp/server/models/user.js">
        <metrics statements="2" coveredstatements="2" conditionals="0" coveredconditionals="0" methods="0" coveredmethods="0"/>
        <line num="3" count="1" type="stmt"/>
        <line num="46" count="1" type="stmt"/>
      </file>
    </package>
    <package name="server.routes">
      <metrics statements="11" coveredstatements="9" conditionals="0" coveredconditionals="0" methods="5" coveredmethods="3"/>
      <file name="user.js" path="/home/lino/Base-FullStackApp/server/routes/user.js">
        <metrics statements="11" coveredstatements="9" conditionals="0" coveredconditionals="0" methods="5" coveredmethods="3"/>
        <line num="4" count="1" type="stmt"/>
        <line num="7" count="1" type="stmt"/>
        <line num="8" count="1" type="stmt"/>
        <line num="12" count="1" type="stmt"/>
        <line num="13" count="1" type="stmt"/>
        <line num="17" count="1" type="stmt"/>
        <line num="18" count="1" type="stmt"/>
        <line num="22" count="1" type="stmt"/>
        <line num="23" count="0" type="stmt"/>
        <line num="27" count="1" type="stmt"/>
        <line num="28" count="0" type="stmt"/>
      </file>
    </package>
  </project>
</coverage>
