<?xml version="1.0" encoding="UTF-8"?>
<coverage generated="1691411190219" clover="3.2.0">
  <project timestamp="1691411190220" name="All files">
    <metrics statements="13" coveredstatements="12" conditionals="4" coveredconditionals="3" methods="9" coveredmethods="4" elements="26" coveredelements="19" complexity="0" loc="13" ncloc="13" packages="1" files="1" classes="1"/>
    <file name="index.js" path="/home/lino/Desktop/Full Stack App/server/index.js">
      <metrics statements="13" coveredstatements="12" conditionals="4" coveredconditionals="3" methods="9" coveredmethods="4"/>
      <line num="8" count="1" type="stmt"/>
      <line num="10" count="1" type="stmt"/>
      <line num="11" count="1" type="cond" truecount="1" falsecount="1"/>
      <line num="13" count="1" type="stmt"/>
      <line num="14" count="1" type="stmt"/>
      <line num="17" count="1" type="stmt"/>
      <line num="19" count="1" type="stmt"/>
      <line num="25" count="0" type="stmt"/>
      <line num="29" count="1" type="stmt"/>
      <line num="30" count="1" type="stmt"/>
      <line num="33" count="1" type="stmt"/>
      <line num="34" count="1" type="stmt"/>
      <line num="44" count="1" type="cond" truecount="2" falsecount="0"/>
    </file>
  </project>
</coverage>
