TN:
SF:index.js
FN:22,(anonymous_0)
FN:24,(anonymous_1)
FN:29,(anonymous_2)
FN:33,(anonymous_3)
FN:44,oo_cm
FN:44,oo_oo
FN:44,oo_tr
FN:44,oo_ts
FN:44,oo_te
FNF:9
FNH:4
FNDA:0,(anonymous_0)
FNDA:0,(anonymous_1)
FNDA:1,(anonymous_2)
FNDA:1,(anonymous_3)
FNDA:1,oo_cm
FNDA:1,oo_oo
FNDA:0,oo_tr
FNDA:0,oo_ts
FNDA:0,oo_te
DA:8,1
DA:10,1
DA:11,1
DA:13,1
DA:14,1
DA:17,1
DA:19,1
DA:25,0
DA:29,1
DA:30,1
DA:33,1
DA:34,1
DA:44,1
LF:13
LH:12
BRDA:11,0,0,1
BRDA:11,0,1,0
BRDA:44,1,0,1
BRDA:44,1,1,1
BRF:4
BRH:3
end_of_record
